<?xml version="1.0" encoding="UTF-8"?>
<robot generator="Robot 7.2.2 (Python 3.13.3 on darwin)" generated="2025-08-22T03:29:42.021315" rpa="false" schemaversion="5">
<suite id="s1" name="Login" source="/Users/alexandrealmeida/Downloads/Teste-Tecnico-QA/tests/login/login.robot">
<kw name="Start Session" owner="base" type="SETUP">
<kw name="New Browser">
<msg time="2025-08-22T03:29:42.044033" level="FAIL">No keyword with name 'New Browser' found.</msg>
<arg>browser=chromium</arg>
<arg>headless=False</arg>
<arg>args=["--start-maximized"]</arg>
<status status="FAIL" start="2025-08-22T03:29:42.044010" elapsed="0.000057">No keyword with name 'New Browser' found.</status>
</kw>
<kw name="New Context">
<arg>viewport=None</arg>
<arg>locale=en-US</arg>
<status status="NOT RUN" start="2025-08-22T03:29:42.044155" elapsed="0.000007"/>
</kw>
<kw name="Set Browser Timeout">
<arg>45s</arg>
<status status="NOT RUN" start="2025-08-22T03:29:42.044197" elapsed="0.000006"/>
</kw>
<kw name="New Page">
<arg>${base}</arg>
<arg>wait_until=domcontentloaded</arg>
<status status="NOT RUN" start="2025-08-22T03:29:42.044230" elapsed="0.000110"/>
</kw>
<kw name="Wait For Elements State">
<arg>css=header.page-header</arg>
<arg>visible</arg>
<arg>30s</arg>
<status status="NOT RUN" start="2025-08-22T03:29:42.044373" elapsed="0.000005"/>
</kw>
<kw name="Run Keyword And Ignore Error" owner="BuiltIn">
<arg>Wait For Elements State</arg>
<arg>css=.loading-mask</arg>
<arg>hidden</arg>
<arg>30s</arg>
<doc>Runs the given keyword with the given arguments and ignores possible error.</doc>
<status status="NOT RUN" start="2025-08-22T03:29:42.044415" elapsed="0.000007"/>
</kw>
<status status="FAIL" start="2025-08-22T03:29:42.043541" elapsed="0.000927">No keyword with name 'New Browser' found.</status>
</kw>
<test id="s1-t1" name="Cenário 1: Login de usuário" line="10">
<status status="FAIL" start="2025-08-22T03:29:42.044492" elapsed="0.000129">Parent suite setup failed:
No keyword with name 'New Browser' found.</status>
</test>
<kw name="Finish Session" owner="base" type="TEARDOWN">
<kw name="Close Browser">
<msg time="2025-08-22T03:29:42.045159" level="FAIL">No keyword with name 'Close Browser' found.</msg>
<status status="FAIL" start="2025-08-22T03:29:42.045150" elapsed="0.000022">No keyword with name 'Close Browser' found.</status>
</kw>
<status status="FAIL" start="2025-08-22T03:29:42.044819" elapsed="0.000390">No keyword with name 'Close Browser' found.</status>
</kw>
<doc>Cenário de login</doc>
<status status="FAIL" start="2025-08-22T03:29:42.021895" elapsed="0.023330">Suite setup failed:
No keyword with name 'New Browser' found.

Also suite teardown failed:
No keyword with name 'Close Browser' found.</status>
</suite>
<statistics>
<total>
<stat pass="0" fail="1" skip="0">All Tests</stat>
</total>
<tag>
</tag>
<suite>
<stat name="Login" id="s1" pass="0" fail="1" skip="0">Login</stat>
</suite>
</statistics>
<errors>
<msg time="2025-08-22T03:29:42.042435" level="ERROR">Error in file '/Users/alexandrealmeida/Downloads/Teste-Tecnico-QA/resource/utils/base.robot' on line 3: Importing library 'Browser' failed: ModuleNotFoundError: No module named 'Browser'
Traceback (most recent call last):
  None
PYTHONPATH:
  /Users/alexandrealmeida/.local/pipx/venvs/robotframework/bin
  /opt/homebrew/Cellar/python@3.13/3.13.3/Frameworks/Python.framework/Versions/3.13/lib/python313.zip
  /opt/homebrew/Cellar/python@3.13/3.13.3/Frameworks/Python.framework/Versions/3.13/lib/python3.13
  /opt/homebrew/Cellar/python@3.13/3.13.3/Frameworks/Python.framework/Versions/3.13/lib/python3.13/lib-dynload
  /Users/alexandrealmeida/.local/pipx/venvs/robotframework/lib/python3.13/site-packages
  /Users/alexandrealmeida/.local/pipx/shared/lib/python3.13/site-packages</msg>
</errors>
</robot>
